  funkcje.cpp
D:\projekty\zadanie programistyczne\funkcje.cpp(282,11): warning C4244: 'initializing': conversion from 'float' to 'int', possible loss of data
D:\projekty\zadanie programistyczne\funkcje.cpp(288,8): warning C4244: 'initializing': conversion from 'float' to 'int', possible loss of data
D:\projekty\zadanie programistyczne\funkcje.cpp(308,20): warning C4018: '<': signed/unsigned mismatch
D:\projekty\zadanie programistyczne\funkcje.cpp(310,21): warning C4018: '<': signed/unsigned mismatch
D:\projekty\zadanie programistyczne\funkcje.cpp(331,21): warning C4018: '<': signed/unsigned mismatch
D:\projekty\zadanie programistyczne\funkcje.cpp(333,22): warning C4018: '<': signed/unsigned mismatch
D:\projekty\zadanie programistyczne\funkcje.cpp(376,20): warning C4018: '<': signed/unsigned mismatch
D:\projekty\zadanie programistyczne\funkcje.cpp(378,21): warning C4018: '<': signed/unsigned mismatch
D:\projekty\zadanie programistyczne\funkcje.cpp(407,20): warning C4018: '<': signed/unsigned mismatch
D:\projekty\zadanie programistyczne\funkcje.cpp(413,20): warning C4018: '<': signed/unsigned mismatch
D:\projekty\zadanie programistyczne\funkcje.cpp(415,21): warning C4018: '<': signed/unsigned mismatch
D:\projekty\zadanie programistyczne\funkcje.cpp(440,21): warning C4018: '<': signed/unsigned mismatch
D:\projekty\zadanie programistyczne\funkcje.cpp(446,22): warning C4018: '<': signed/unsigned mismatch
D:\projekty\zadanie programistyczne\funkcje.cpp(453,69): warning C4244: '=': conversion from '_Ty' to 'float', possible loss of data
          with
          [
              _Ty=int
          ]
D:\projekty\zadanie programistyczne\funkcje.cpp(474,69): warning C4244: '=': conversion from '_Ty' to 'float', possible loss of data
          with
          [
              _Ty=int
          ]
D:\projekty\zadanie programistyczne\funkcje.cpp(375,6): warning C4101: 'potrzebuje': unreferenced local variable
D:\projekty\zadanie programistyczne\funkcje.cpp(611,2): error C3861: 'writeFile': identifier not found
